----------------------------
error: 2.97159 percent: 0.00
avg_class_error_at_img_cell: 1.00000
avg_class_error_at_neighboring_cells: 0.10706
----------------------------
error: 2.85246 percent: 0.01
avg_class_error_at_img_cell: 0.98106
avg_class_error_at_neighboring_cells: 0.14187
----------------------------
error: 2.77540 percent: 0.01
avg_class_error_at_img_cell: 0.94020
avg_class_error_at_neighboring_cells: 0.18882
----------------------------
error: 2.71759 percent: 0.01
avg_class_error_at_img_cell: 0.90244
avg_class_error_at_neighboring_cells: 0.21961
----------------------------
error: 2.66626 percent: 0.02
avg_class_error_at_img_cell: 0.86775
avg_class_error_at_neighboring_cells: 0.23969
----------------------------
error: 2.61834 percent: 0.02
avg_class_error_at_img_cell: 0.83334
avg_class_error_at_neighboring_cells: 0.25404
----------------------------
error: 2.57914 percent: 0.02
avg_class_error_at_img_cell: 0.80566
avg_class_error_at_neighboring_cells: 0.26470
----------------------------
error: 2.54364 percent: 0.03
avg_class_error_at_img_cell: 0.78113
avg_class_error_at_neighboring_cells: 0.27206
----------------------------
error: 2.51227 percent: 0.03
avg_class_error_at_img_cell: 0.75943
avg_class_error_at_neighboring_cells: 0.27728
----------------------------
error: 2.48503 percent: 0.03
avg_class_error_at_img_cell: 0.74075
avg_class_error_at_neighboring_cells: 0.28111
----------------------------
error: 2.46072 percent: 0.04
avg_class_error_at_img_cell: 0.72412
avg_class_error_at_neighboring_cells: 0.28415
----------------------------
error: 2.43796 percent: 0.04
avg_class_error_at_img_cell: 0.70862
avg_class_error_at_neighboring_cells: 0.28661
----------------------------
error: 2.41643 percent: 0.04
avg_class_error_at_img_cell: 0.69441
avg_class_error_at_neighboring_cells: 0.28820
----------------------------
error: 2.39753 percent: 0.05
avg_class_error_at_img_cell: 0.68217
avg_class_error_at_neighboring_cells: 0.28979
----------------------------
error: 2.37971 percent: 0.05
avg_class_error_at_img_cell: 0.67101
avg_class_error_at_neighboring_cells: 0.29072
----------------------------
error: 2.36321 percent: 0.05
avg_class_error_at_img_cell: 0.65995
avg_class_error_at_neighboring_cells: 0.29173
----------------------------
error: 2.34646 percent: 0.06
avg_class_error_at_img_cell: 0.64946
avg_class_error_at_neighboring_cells: 0.29215
----------------------------
error: 2.33122 percent: 0.06
avg_class_error_at_img_cell: 0.63971
avg_class_error_at_neighboring_cells: 0.29224
----------------------------
error: 2.31624 percent: 0.06
avg_class_error_at_img_cell: 0.63009
avg_class_error_at_neighboring_cells: 0.29253
----------------------------
error: 2.30290 percent: 0.07
avg_class_error_at_img_cell: 0.62150
avg_class_error_at_neighboring_cells: 0.29248
----------------------------
error: 2.28992 percent: 0.07
avg_class_error_at_img_cell: 0.61359
avg_class_error_at_neighboring_cells: 0.29230
----------------------------
error: 2.27787 percent: 0.07
avg_class_error_at_img_cell: 0.60614
avg_class_error_at_neighboring_cells: 0.29225
----------------------------
error: 2.26627 percent: 0.08
avg_class_error_at_img_cell: 0.59864
avg_class_error_at_neighboring_cells: 0.29222
----------------------------
error: 2.25513 percent: 0.08
avg_class_error_at_img_cell: 0.59173
avg_class_error_at_neighboring_cells: 0.29213
----------------------------
error: 2.24462 percent: 0.08
avg_class_error_at_img_cell: 0.58530
avg_class_error_at_neighboring_cells: 0.29197
----------------------------
error: 2.23433 percent: 0.09
avg_class_error_at_img_cell: 0.57879
avg_class_error_at_neighboring_cells: 0.29197
----------------------------
error: 2.22484 percent: 0.09
avg_class_error_at_img_cell: 0.57285
avg_class_error_at_neighboring_cells: 0.29177
----------------------------
error: 2.21533 percent: 0.09
avg_class_error_at_img_cell: 0.56703
avg_class_error_at_neighboring_cells: 0.29156
----------------------------
error: 2.20634 percent: 0.10
avg_class_error_at_img_cell: 0.56169
avg_class_error_at_neighboring_cells: 0.29125
----------------------------
error: 2.19758 percent: 0.10
avg_class_error_at_img_cell: 0.55626
avg_class_error_at_neighboring_cells: 0.29093
----------------------------
error: 1.94184 percent: 0.10
avg_class_error_at_img_cell: 0.39866
avg_class_error_at_neighboring_cells: 0.28732
----------------------------
error: 1.93738 percent: 0.11
avg_class_error_at_img_cell: 0.39756
avg_class_error_at_neighboring_cells: 0.28421
----------------------------
error: 1.93340 percent: 0.11
avg_class_error_at_img_cell: 0.39602
avg_class_error_at_neighboring_cells: 0.28217
----------------------------
error: 1.92742 percent: 0.11
avg_class_error_at_img_cell: 0.39271
avg_class_error_at_neighboring_cells: 0.28192
----------------------------
error: 1.92483 percent: 0.12
avg_class_error_at_img_cell: 0.39143
avg_class_error_at_neighboring_cells: 0.28223
----------------------------
error: 1.91992 percent: 0.12
avg_class_error_at_img_cell: 0.38859
avg_class_error_at_neighboring_cells: 0.28094
----------------------------
error: 1.91614 percent: 0.12
avg_class_error_at_img_cell: 0.38636
avg_class_error_at_neighboring_cells: 0.28015
----------------------------
error: 1.91114 percent: 0.13
avg_class_error_at_img_cell: 0.38350
avg_class_error_at_neighboring_cells: 0.27881
----------------------------
error: 1.90768 percent: 0.13
avg_class_error_at_img_cell: 0.38272
avg_class_error_at_neighboring_cells: 0.27842
----------------------------
error: 1.90474 percent: 0.13
avg_class_error_at_img_cell: 0.38135
avg_class_error_at_neighboring_cells: 0.27792
----------------------------
error: 1.90149 percent: 0.14
avg_class_error_at_img_cell: 0.37946
avg_class_error_at_neighboring_cells: 0.27795
----------------------------
error: 1.89974 percent: 0.14
avg_class_error_at_img_cell: 0.37836
avg_class_error_at_neighboring_cells: 0.27756
----------------------------
error: 1.89614 percent: 0.14
avg_class_error_at_img_cell: 0.37642
avg_class_error_at_neighboring_cells: 0.27748
----------------------------
error: 1.89282 percent: 0.15
avg_class_error_at_img_cell: 0.37480
avg_class_error_at_neighboring_cells: 0.27693
----------------------------
error: 1.88944 percent: 0.15
avg_class_error_at_img_cell: 0.37284
avg_class_error_at_neighboring_cells: 0.27612
----------------------------
error: 1.88707 percent: 0.15
avg_class_error_at_img_cell: 0.37194
avg_class_error_at_neighboring_cells: 0.27564
----------------------------
error: 1.88429 percent: 0.16
avg_class_error_at_img_cell: 0.37083
avg_class_error_at_neighboring_cells: 0.27518
----------------------------
error: 1.88115 percent: 0.16
avg_class_error_at_img_cell: 0.36922
avg_class_error_at_neighboring_cells: 0.27483
----------------------------
error: 1.87877 percent: 0.16
avg_class_error_at_img_cell: 0.36778
avg_class_error_at_neighboring_cells: 0.27436
----------------------------
error: 1.87629 percent: 0.17
avg_class_error_at_img_cell: 0.36621
avg_class_error_at_neighboring_cells: 0.27387
----------------------------
error: 1.87351 percent: 0.17
avg_class_error_at_img_cell: 0.36503
avg_class_error_at_neighboring_cells: 0.27352
----------------------------
error: 1.87020 percent: 0.17
avg_class_error_at_img_cell: 0.36331
avg_class_error_at_neighboring_cells: 0.27296
----------------------------
error: 1.86673 percent: 0.18
avg_class_error_at_img_cell: 0.36152
avg_class_error_at_neighboring_cells: 0.27240
----------------------------
error: 1.86485 percent: 0.18
avg_class_error_at_img_cell: 0.36060
avg_class_error_at_neighboring_cells: 0.27233
----------------------------
error: 1.86165 percent: 0.18
avg_class_error_at_img_cell: 0.35914
avg_class_error_at_neighboring_cells: 0.27198
----------------------------
error: 1.85870 percent: 0.19
avg_class_error_at_img_cell: 0.35773
avg_class_error_at_neighboring_cells: 0.27159
----------------------------
error: 1.85658 percent: 0.19
avg_class_error_at_img_cell: 0.35673
avg_class_error_at_neighboring_cells: 0.27125
----------------------------
error: 1.85423 percent: 0.19
avg_class_error_at_img_cell: 0.35565
avg_class_error_at_neighboring_cells: 0.27100
----------------------------
error: 1.85209 percent: 0.20
avg_class_error_at_img_cell: 0.35462
avg_class_error_at_neighboring_cells: 0.27056
----------------------------
error: 1.84939 percent: 0.20
avg_class_error_at_img_cell: 0.35308
avg_class_error_at_neighboring_cells: 0.27011
----------------------------
error: 1.78133 percent: 0.20
avg_class_error_at_img_cell: 0.31624
avg_class_error_at_neighboring_cells: 0.25861
----------------------------
error: 1.77381 percent: 0.21
avg_class_error_at_img_cell: 0.31199
avg_class_error_at_neighboring_cells: 0.25810
----------------------------
error: 1.76774 percent: 0.21
avg_class_error_at_img_cell: 0.30950
avg_class_error_at_neighboring_cells: 0.25556
----------------------------
error: 1.76742 percent: 0.21
avg_class_error_at_img_cell: 0.30848
avg_class_error_at_neighboring_cells: 0.25560
----------------------------
error: 1.76604 percent: 0.22
avg_class_error_at_img_cell: 0.30808
avg_class_error_at_neighboring_cells: 0.25572
----------------------------
error: 1.76281 percent: 0.22
avg_class_error_at_img_cell: 0.30586
avg_class_error_at_neighboring_cells: 0.25489
----------------------------
error: 1.76094 percent: 0.22
avg_class_error_at_img_cell: 0.30519
avg_class_error_at_neighboring_cells: 0.25550
----------------------------
error: 1.75963 percent: 0.23
avg_class_error_at_img_cell: 0.30502
avg_class_error_at_neighboring_cells: 0.25528
----------------------------
error: 1.75727 percent: 0.23
avg_class_error_at_img_cell: 0.30463
avg_class_error_at_neighboring_cells: 0.25482
----------------------------
error: 1.75632 percent: 0.23
avg_class_error_at_img_cell: 0.30405
avg_class_error_at_neighboring_cells: 0.25527
----------------------------
error: 1.75412 percent: 0.24
avg_class_error_at_img_cell: 0.30270
avg_class_error_at_neighboring_cells: 0.25511
----------------------------
error: 1.75314 percent: 0.24
avg_class_error_at_img_cell: 0.30185
avg_class_error_at_neighboring_cells: 0.25527
----------------------------
error: 1.75202 percent: 0.24
avg_class_error_at_img_cell: 0.30156
avg_class_error_at_neighboring_cells: 0.25523
----------------------------
error: 1.75070 percent: 0.25
avg_class_error_at_img_cell: 0.30091
avg_class_error_at_neighboring_cells: 0.25490
----------------------------
error: 1.75005 percent: 0.25
avg_class_error_at_img_cell: 0.30077
avg_class_error_at_neighboring_cells: 0.25504
----------------------------
error: 1.74805 percent: 0.25
avg_class_error_at_img_cell: 0.30016
avg_class_error_at_neighboring_cells: 0.25431
----------------------------
error: 1.74635 percent: 0.26
avg_class_error_at_img_cell: 0.29876
avg_class_error_at_neighboring_cells: 0.25392
----------------------------
error: 1.74518 percent: 0.26
avg_class_error_at_img_cell: 0.29821
avg_class_error_at_neighboring_cells: 0.25358
----------------------------
error: 1.74421 percent: 0.26
avg_class_error_at_img_cell: 0.29786
avg_class_error_at_neighboring_cells: 0.25314
----------------------------
error: 1.74256 percent: 0.27
avg_class_error_at_img_cell: 0.29682
avg_class_error_at_neighboring_cells: 0.25303
----------------------------
error: 1.74071 percent: 0.27
avg_class_error_at_img_cell: 0.29595
avg_class_error_at_neighboring_cells: 0.25258
----------------------------
error: 1.73954 percent: 0.27
avg_class_error_at_img_cell: 0.29543
avg_class_error_at_neighboring_cells: 0.25221
----------------------------
error: 1.73851 percent: 0.28
avg_class_error_at_img_cell: 0.29490
avg_class_error_at_neighboring_cells: 0.25208
----------------------------
error: 1.73774 percent: 0.28
avg_class_error_at_img_cell: 0.29441
avg_class_error_at_neighboring_cells: 0.25195
----------------------------
error: 1.73616 percent: 0.28
avg_class_error_at_img_cell: 0.29364
avg_class_error_at_neighboring_cells: 0.25155
----------------------------
error: 1.73502 percent: 0.29
avg_class_error_at_img_cell: 0.29318
avg_class_error_at_neighboring_cells: 0.25146
----------------------------
error: 1.73361 percent: 0.29
avg_class_error_at_img_cell: 0.29260
avg_class_error_at_neighboring_cells: 0.25114
----------------------------
error: 1.73272 percent: 0.29
avg_class_error_at_img_cell: 0.29229
avg_class_error_at_neighboring_cells: 0.25093
----------------------------
error: 1.73127 percent: 0.30
avg_class_error_at_img_cell: 0.29151
avg_class_error_at_neighboring_cells: 0.25051
----------------------------
error: 1.73019 percent: 0.30
avg_class_error_at_img_cell: 0.29096
avg_class_error_at_neighboring_cells: 0.25029
----------------------------
error: 1.69990 percent: 0.30
avg_class_error_at_img_cell: 0.28039
avg_class_error_at_neighboring_cells: 0.24768
----------------------------
error: 1.69726 percent: 0.31
avg_class_error_at_img_cell: 0.27501
avg_class_error_at_neighboring_cells: 0.24422
----------------------------
error: 1.69444 percent: 0.31
avg_class_error_at_img_cell: 0.27352
avg_class_error_at_neighboring_cells: 0.24401
----------------------------
error: 1.69163 percent: 0.31
avg_class_error_at_img_cell: 0.27204
avg_class_error_at_neighboring_cells: 0.24241
----------------------------
error: 1.68826 percent: 0.32
avg_class_error_at_img_cell: 0.26935
avg_class_error_at_neighboring_cells: 0.24169
----------------------------
error: 1.68831 percent: 0.32
avg_class_error_at_img_cell: 0.26932
avg_class_error_at_neighboring_cells: 0.24128
----------------------------
error: 1.68865 percent: 0.32
avg_class_error_at_img_cell: 0.26909
avg_class_error_at_neighboring_cells: 0.24046
----------------------------
error: 1.68750 percent: 0.33
avg_class_error_at_img_cell: 0.26902
avg_class_error_at_neighboring_cells: 0.24006
----------------------------
error: 1.68528 percent: 0.33
avg_class_error_at_img_cell: 0.26768
avg_class_error_at_neighboring_cells: 0.23942
----------------------------
error: 1.68531 percent: 0.33
avg_class_error_at_img_cell: 0.26764
avg_class_error_at_neighboring_cells: 0.23947
----------------------------
error: 1.68389 percent: 0.34
avg_class_error_at_img_cell: 0.26684
avg_class_error_at_neighboring_cells: 0.23877
----------------------------
error: 1.68340 percent: 0.34
avg_class_error_at_img_cell: 0.26682
avg_class_error_at_neighboring_cells: 0.23856
----------------------------
error: 1.68318 percent: 0.34
avg_class_error_at_img_cell: 0.26655
avg_class_error_at_neighboring_cells: 0.23814
----------------------------
error: 1.68306 percent: 0.35
avg_class_error_at_img_cell: 0.26658
avg_class_error_at_neighboring_cells: 0.23810
----------------------------
error: 1.68257 percent: 0.35
avg_class_error_at_img_cell: 0.26593
avg_class_error_at_neighboring_cells: 0.23793
----------------------------
error: 1.68089 percent: 0.35
avg_class_error_at_img_cell: 0.26523
avg_class_error_at_neighboring_cells: 0.23729
----------------------------
error: 1.68029 percent: 0.36
avg_class_error_at_img_cell: 0.26491
avg_class_error_at_neighboring_cells: 0.23727
----------------------------
error: 1.67910 percent: 0.36
avg_class_error_at_img_cell: 0.26432
avg_class_error_at_neighboring_cells: 0.23697
----------------------------
error: 1.67863 percent: 0.36
avg_class_error_at_img_cell: 0.26449
avg_class_error_at_neighboring_cells: 0.23668
----------------------------
error: 1.67770 percent: 0.37
avg_class_error_at_img_cell: 0.26372
avg_class_error_at_neighboring_cells: 0.23651
----------------------------
error: 1.67748 percent: 0.37
avg_class_error_at_img_cell: 0.26371
avg_class_error_at_neighboring_cells: 0.23656
----------------------------
error: 1.67680 percent: 0.37
avg_class_error_at_img_cell: 0.26309
avg_class_error_at_neighboring_cells: 0.23646
----------------------------
error: 1.67578 percent: 0.38
avg_class_error_at_img_cell: 0.26265
avg_class_error_at_neighboring_cells: 0.23613
----------------------------
error: 1.67515 percent: 0.38
avg_class_error_at_img_cell: 0.26255
avg_class_error_at_neighboring_cells: 0.23596
----------------------------
error: 1.67431 percent: 0.38
avg_class_error_at_img_cell: 0.26197
avg_class_error_at_neighboring_cells: 0.23568
----------------------------
error: 1.67369 percent: 0.39
avg_class_error_at_img_cell: 0.26179
avg_class_error_at_neighboring_cells: 0.23559
----------------------------
error: 1.67336 percent: 0.39
avg_class_error_at_img_cell: 0.26157
avg_class_error_at_neighboring_cells: 0.23556
----------------------------
error: 1.67303 percent: 0.39
avg_class_error_at_img_cell: 0.26147
avg_class_error_at_neighboring_cells: 0.23548
----------------------------
error: 1.67262 percent: 0.40
avg_class_error_at_img_cell: 0.26125
avg_class_error_at_neighboring_cells: 0.23549
----------------------------
error: 1.67210 percent: 0.40
avg_class_error_at_img_cell: 0.26089
avg_class_error_at_neighboring_cells: 0.23533
----------------------------
error: 1.65930 percent: 0.40
avg_class_error_at_img_cell: 0.25092
avg_class_error_at_neighboring_cells: 0.23046
----------------------------
error: 1.65850 percent: 0.41
avg_class_error_at_img_cell: 0.25002
avg_class_error_at_neighboring_cells: 0.23038
----------------------------
error: 1.65684 percent: 0.41
avg_class_error_at_img_cell: 0.25069
avg_class_error_at_neighboring_cells: 0.23093
----------------------------
error: 1.65630 percent: 0.41
avg_class_error_at_img_cell: 0.25063
avg_class_error_at_neighboring_cells: 0.23044
----------------------------
error: 1.65393 percent: 0.42
avg_class_error_at_img_cell: 0.24948
avg_class_error_at_neighboring_cells: 0.22981
----------------------------
error: 1.65306 percent: 0.42
avg_class_error_at_img_cell: 0.24884
avg_class_error_at_neighboring_cells: 0.22906
----------------------------
error: 1.65054 percent: 0.42
avg_class_error_at_img_cell: 0.24762
avg_class_error_at_neighboring_cells: 0.22853
----------------------------
error: 1.64749 percent: 0.43
avg_class_error_at_img_cell: 0.24601
avg_class_error_at_neighboring_cells: 0.22785
----------------------------
error: 1.64723 percent: 0.43
avg_class_error_at_img_cell: 0.24564
avg_class_error_at_neighboring_cells: 0.22821
----------------------------
error: 1.64619 percent: 0.43
avg_class_error_at_img_cell: 0.24502
avg_class_error_at_neighboring_cells: 0.22804
----------------------------
error: 1.64461 percent: 0.44
avg_class_error_at_img_cell: 0.24453
avg_class_error_at_neighboring_cells: 0.22771
----------------------------
error: 1.64424 percent: 0.44
avg_class_error_at_img_cell: 0.24469
avg_class_error_at_neighboring_cells: 0.22739
----------------------------
error: 1.64415 percent: 0.44
avg_class_error_at_img_cell: 0.24479
avg_class_error_at_neighboring_cells: 0.22755
----------------------------
error: 1.64325 percent: 0.45
avg_class_error_at_img_cell: 0.24438
avg_class_error_at_neighboring_cells: 0.22737
----------------------------
error: 1.64337 percent: 0.45
avg_class_error_at_img_cell: 0.24487
avg_class_error_at_neighboring_cells: 0.22747
----------------------------
error: 1.64310 percent: 0.45
avg_class_error_at_img_cell: 0.24467
avg_class_error_at_neighboring_cells: 0.22715
----------------------------
error: 1.64315 percent: 0.46
avg_class_error_at_img_cell: 0.24492
avg_class_error_at_neighboring_cells: 0.22691
----------------------------
error: 1.64257 percent: 0.46
avg_class_error_at_img_cell: 0.24476
avg_class_error_at_neighboring_cells: 0.22673
----------------------------
error: 1.64202 percent: 0.46
avg_class_error_at_img_cell: 0.24461
avg_class_error_at_neighboring_cells: 0.22665
----------------------------
error: 1.64147 percent: 0.47
avg_class_error_at_img_cell: 0.24453
avg_class_error_at_neighboring_cells: 0.22644
----------------------------
error: 1.64087 percent: 0.47
avg_class_error_at_img_cell: 0.24386
avg_class_error_at_neighboring_cells: 0.22633
----------------------------
error: 1.64058 percent: 0.47
avg_class_error_at_img_cell: 0.24342
avg_class_error_at_neighboring_cells: 0.22627
----------------------------
error: 1.64036 percent: 0.48
avg_class_error_at_img_cell: 0.24316
avg_class_error_at_neighboring_cells: 0.22630
----------------------------
error: 1.64000 percent: 0.48
avg_class_error_at_img_cell: 0.24294
avg_class_error_at_neighboring_cells: 0.22633
----------------------------
error: 1.63937 percent: 0.48
avg_class_error_at_img_cell: 0.24278
avg_class_error_at_neighboring_cells: 0.22621
----------------------------
error: 1.63919 percent: 0.49
avg_class_error_at_img_cell: 0.24276
avg_class_error_at_neighboring_cells: 0.22612
----------------------------
error: 1.63866 percent: 0.49
avg_class_error_at_img_cell: 0.24259
avg_class_error_at_neighboring_cells: 0.22596
----------------------------
error: 1.63823 percent: 0.49
avg_class_error_at_img_cell: 0.24240
avg_class_error_at_neighboring_cells: 0.22589
----------------------------
error: 1.63731 percent: 0.50
avg_class_error_at_img_cell: 0.24184
avg_class_error_at_neighboring_cells: 0.22563
----------------------------
error: 1.63617 percent: 0.50
avg_class_error_at_img_cell: 0.24127
avg_class_error_at_neighboring_cells: 0.22523
----------------------------
error: 1.63468 percent: 0.50
avg_class_error_at_img_cell: 0.23804
avg_class_error_at_neighboring_cells: 0.22354
----------------------------
error: 1.63100 percent: 0.51
avg_class_error_at_img_cell: 0.23723
avg_class_error_at_neighboring_cells: 0.22266
----------------------------
error: 1.63233 percent: 0.51
avg_class_error_at_img_cell: 0.23750
avg_class_error_at_neighboring_cells: 0.22368
----------------------------
error: 1.63305 percent: 0.51
avg_class_error_at_img_cell: 0.23782
avg_class_error_at_neighboring_cells: 0.22325
----------------------------
error: 1.63119 percent: 0.52
avg_class_error_at_img_cell: 0.23714
avg_class_error_at_neighboring_cells: 0.22245
----------------------------
error: 1.62915 percent: 0.52
avg_class_error_at_img_cell: 0.23642
avg_class_error_at_neighboring_cells: 0.22171
----------------------------
error: 1.62740 percent: 0.52
avg_class_error_at_img_cell: 0.23503
avg_class_error_at_neighboring_cells: 0.22104
----------------------------
error: 1.62605 percent: 0.53
avg_class_error_at_img_cell: 0.23480
avg_class_error_at_neighboring_cells: 0.22071
----------------------------
error: 1.62470 percent: 0.53
avg_class_error_at_img_cell: 0.23499
avg_class_error_at_neighboring_cells: 0.21956
----------------------------
error: 1.62472 percent: 0.53
avg_class_error_at_img_cell: 0.23477
avg_class_error_at_neighboring_cells: 0.21947
----------------------------
error: 1.62432 percent: 0.54
avg_class_error_at_img_cell: 0.23405
avg_class_error_at_neighboring_cells: 0.21927
----------------------------
error: 1.62330 percent: 0.54
avg_class_error_at_img_cell: 0.23332
avg_class_error_at_neighboring_cells: 0.21973
----------------------------
error: 1.62236 percent: 0.54
avg_class_error_at_img_cell: 0.23304
avg_class_error_at_neighboring_cells: 0.21982
----------------------------
error: 1.62177 percent: 0.55
avg_class_error_at_img_cell: 0.23226
avg_class_error_at_neighboring_cells: 0.21965
----------------------------
error: 1.62132 percent: 0.55
avg_class_error_at_img_cell: 0.23197
avg_class_error_at_neighboring_cells: 0.21970
----------------------------
error: 1.62046 percent: 0.55
avg_class_error_at_img_cell: 0.23146
avg_class_error_at_neighboring_cells: 0.21978
----------------------------
error: 1.61937 percent: 0.56
avg_class_error_at_img_cell: 0.23113
avg_class_error_at_neighboring_cells: 0.21950
----------------------------
error: 1.61811 percent: 0.56
avg_class_error_at_img_cell: 0.23062
avg_class_error_at_neighboring_cells: 0.21927
----------------------------
error: 1.61783 percent: 0.56
avg_class_error_at_img_cell: 0.23053
avg_class_error_at_neighboring_cells: 0.21907
----------------------------
error: 1.61742 percent: 0.57
avg_class_error_at_img_cell: 0.23033
avg_class_error_at_neighboring_cells: 0.21891
----------------------------
error: 1.61720 percent: 0.57
avg_class_error_at_img_cell: 0.23028
avg_class_error_at_neighboring_cells: 0.21871
----------------------------
error: 1.61721 percent: 0.57
avg_class_error_at_img_cell: 0.23029
avg_class_error_at_neighboring_cells: 0.21853
----------------------------
error: 1.61674 percent: 0.58
avg_class_error_at_img_cell: 0.23020
avg_class_error_at_neighboring_cells: 0.21835
----------------------------
error: 1.61662 percent: 0.58
avg_class_error_at_img_cell: 0.22995
avg_class_error_at_neighboring_cells: 0.21831
----------------------------
error: 1.61605 percent: 0.58
avg_class_error_at_img_cell: 0.22962
avg_class_error_at_neighboring_cells: 0.21806
----------------------------
error: 1.61616 percent: 0.59
avg_class_error_at_img_cell: 0.22956
avg_class_error_at_neighboring_cells: 0.21816
----------------------------
error: 1.61599 percent: 0.59
avg_class_error_at_img_cell: 0.22947
avg_class_error_at_neighboring_cells: 0.21788
----------------------------
error: 1.61543 percent: 0.59
avg_class_error_at_img_cell: 0.22919
avg_class_error_at_neighboring_cells: 0.21781
----------------------------
error: 1.61529 percent: 0.60
avg_class_error_at_img_cell: 0.22915
avg_class_error_at_neighboring_cells: 0.21781
----------------------------
error: 1.61481 percent: 0.60
avg_class_error_at_img_cell: 0.22879
avg_class_error_at_neighboring_cells: 0.21788
----------------------------
error: 1.59417 percent: 0.60
avg_class_error_at_img_cell: 0.22069
avg_class_error_at_neighboring_cells: 0.21855
----------------------------
error: 1.59037 percent: 0.61
avg_class_error_at_img_cell: 0.21868
avg_class_error_at_neighboring_cells: 0.21540
----------------------------
error: 1.59143 percent: 0.61
avg_class_error_at_img_cell: 0.21806
avg_class_error_at_neighboring_cells: 0.21559
----------------------------
error: 1.59445 percent: 0.61
avg_class_error_at_img_cell: 0.22047
avg_class_error_at_neighboring_cells: 0.21499
----------------------------
error: 1.59727 percent: 0.62
avg_class_error_at_img_cell: 0.22160
avg_class_error_at_neighboring_cells: 0.21475
----------------------------
error: 1.59824 percent: 0.62
avg_class_error_at_img_cell: 0.22173
avg_class_error_at_neighboring_cells: 0.21495
----------------------------
error: 1.59737 percent: 0.62
avg_class_error_at_img_cell: 0.22131
avg_class_error_at_neighboring_cells: 0.21498
----------------------------
error: 1.59808 percent: 0.63
avg_class_error_at_img_cell: 0.22173
avg_class_error_at_neighboring_cells: 0.21443
----------------------------
error: 1.59749 percent: 0.63
avg_class_error_at_img_cell: 0.22073
avg_class_error_at_neighboring_cells: 0.21432
----------------------------
error: 1.59691 percent: 0.63
avg_class_error_at_img_cell: 0.22067
avg_class_error_at_neighboring_cells: 0.21391
----------------------------
error: 1.59632 percent: 0.64
avg_class_error_at_img_cell: 0.22038
avg_class_error_at_neighboring_cells: 0.21360
----------------------------
error: 1.59609 percent: 0.64
avg_class_error_at_img_cell: 0.22095
avg_class_error_at_neighboring_cells: 0.21335
----------------------------
error: 1.59609 percent: 0.64
avg_class_error_at_img_cell: 0.22098
avg_class_error_at_neighboring_cells: 0.21363
----------------------------
error: 1.59607 percent: 0.65
avg_class_error_at_img_cell: 0.22074
avg_class_error_at_neighboring_cells: 0.21341
----------------------------
error: 1.59637 percent: 0.65
avg_class_error_at_img_cell: 0.22069
avg_class_error_at_neighboring_cells: 0.21320
----------------------------
error: 1.59564 percent: 0.65
avg_class_error_at_img_cell: 0.22047
avg_class_error_at_neighboring_cells: 0.21316
----------------------------
error: 1.59566 percent: 0.66
avg_class_error_at_img_cell: 0.22078
avg_class_error_at_neighboring_cells: 0.21335
----------------------------
error: 1.59433 percent: 0.66
avg_class_error_at_img_cell: 0.22011
avg_class_error_at_neighboring_cells: 0.21303
----------------------------
error: 1.59381 percent: 0.66
avg_class_error_at_img_cell: 0.21938
avg_class_error_at_neighboring_cells: 0.21272
----------------------------
error: 1.59307 percent: 0.67
avg_class_error_at_img_cell: 0.21855
avg_class_error_at_neighboring_cells: 0.21288
----------------------------
error: 1.59230 percent: 0.67
avg_class_error_at_img_cell: 0.21811
avg_class_error_at_neighboring_cells: 0.21293
----------------------------
error: 1.59180 percent: 0.67
avg_class_error_at_img_cell: 0.21775
avg_class_error_at_neighboring_cells: 0.21282
----------------------------
error: 1.59157 percent: 0.68
avg_class_error_at_img_cell: 0.21766
avg_class_error_at_neighboring_cells: 0.21269
----------------------------
error: 1.59232 percent: 0.68
avg_class_error_at_img_cell: 0.21811
avg_class_error_at_neighboring_cells: 0.21283
----------------------------
error: 1.59207 percent: 0.68
avg_class_error_at_img_cell: 0.21759
avg_class_error_at_neighboring_cells: 0.21276
----------------------------
error: 1.59190 percent: 0.69
avg_class_error_at_img_cell: 0.21729
avg_class_error_at_neighboring_cells: 0.21273
----------------------------
error: 1.59183 percent: 0.69
avg_class_error_at_img_cell: 0.21735
avg_class_error_at_neighboring_cells: 0.21280
----------------------------
error: 1.59130 percent: 0.69
avg_class_error_at_img_cell: 0.21704
avg_class_error_at_neighboring_cells: 0.21293
----------------------------
error: 1.59077 percent: 0.70
avg_class_error_at_img_cell: 0.21682
avg_class_error_at_neighboring_cells: 0.21285
----------------------------
error: 1.59039 percent: 0.70
avg_class_error_at_img_cell: 0.21668
avg_class_error_at_neighboring_cells: 0.21290
----------------------------
error: 1.58664 percent: 0.70
avg_class_error_at_img_cell: 0.21415
avg_class_error_at_neighboring_cells: 0.21054
----------------------------
error: 1.58468 percent: 0.71
avg_class_error_at_img_cell: 0.21232
avg_class_error_at_neighboring_cells: 0.21050
----------------------------
error: 1.58600 percent: 0.71
avg_class_error_at_img_cell: 0.21448
avg_class_error_at_neighboring_cells: 0.21087
----------------------------
error: 1.58092 percent: 0.71
avg_class_error_at_img_cell: 0.21177
avg_class_error_at_neighboring_cells: 0.20994
----------------------------
error: 1.58165 percent: 0.72
avg_class_error_at_img_cell: 0.21112
avg_class_error_at_neighboring_cells: 0.20924
----------------------------
error: 1.58184 percent: 0.72
avg_class_error_at_img_cell: 0.21038
avg_class_error_at_neighboring_cells: 0.20945
----------------------------
error: 1.58125 percent: 0.72
avg_class_error_at_img_cell: 0.21007
avg_class_error_at_neighboring_cells: 0.20895
----------------------------
error: 1.58102 percent: 0.73
avg_class_error_at_img_cell: 0.20998
avg_class_error_at_neighboring_cells: 0.20890
----------------------------
error: 1.58103 percent: 0.73
avg_class_error_at_img_cell: 0.21047
avg_class_error_at_neighboring_cells: 0.20946
----------------------------
error: 1.57970 percent: 0.73
avg_class_error_at_img_cell: 0.20986
avg_class_error_at_neighboring_cells: 0.20895
----------------------------
error: 1.58062 percent: 0.74
avg_class_error_at_img_cell: 0.21041
avg_class_error_at_neighboring_cells: 0.20911
----------------------------
error: 1.58078 percent: 0.74
avg_class_error_at_img_cell: 0.21065
avg_class_error_at_neighboring_cells: 0.20895
----------------------------
error: 1.58111 percent: 0.74
avg_class_error_at_img_cell: 0.21103
avg_class_error_at_neighboring_cells: 0.20890
----------------------------
error: 1.58157 percent: 0.75
avg_class_error_at_img_cell: 0.21159
avg_class_error_at_neighboring_cells: 0.20862
----------------------------
error: 1.58125 percent: 0.75
avg_class_error_at_img_cell: 0.21159
avg_class_error_at_neighboring_cells: 0.20874
----------------------------
error: 1.58070 percent: 0.75
avg_class_error_at_img_cell: 0.21078
avg_class_error_at_neighboring_cells: 0.20845
----------------------------
error: 1.58002 percent: 0.76
avg_class_error_at_img_cell: 0.21020
avg_class_error_at_neighboring_cells: 0.20822
----------------------------
error: 1.57929 percent: 0.76
avg_class_error_at_img_cell: 0.21013
avg_class_error_at_neighboring_cells: 0.20841
----------------------------
error: 1.57867 percent: 0.76
avg_class_error_at_img_cell: 0.20995
avg_class_error_at_neighboring_cells: 0.20806
----------------------------
error: 1.57834 percent: 0.77
avg_class_error_at_img_cell: 0.20976
avg_class_error_at_neighboring_cells: 0.20816
----------------------------
error: 1.57801 percent: 0.77
avg_class_error_at_img_cell: 0.20963
avg_class_error_at_neighboring_cells: 0.20787
----------------------------
error: 1.57770 percent: 0.77
avg_class_error_at_img_cell: 0.20951
avg_class_error_at_neighboring_cells: 0.20759
----------------------------
error: 1.57829 percent: 0.78
avg_class_error_at_img_cell: 0.21022
avg_class_error_at_neighboring_cells: 0.20781
----------------------------
error: 1.57846 percent: 0.78
avg_class_error_at_img_cell: 0.21028
avg_class_error_at_neighboring_cells: 0.20775
----------------------------
error: 1.57803 percent: 0.78
avg_class_error_at_img_cell: 0.21007
avg_class_error_at_neighboring_cells: 0.20795
----------------------------
error: 1.57796 percent: 0.79
avg_class_error_at_img_cell: 0.21010
avg_class_error_at_neighboring_cells: 0.20801
----------------------------
error: 1.57728 percent: 0.79
avg_class_error_at_img_cell: 0.20977
avg_class_error_at_neighboring_cells: 0.20780
----------------------------
error: 1.57658 percent: 0.79
avg_class_error_at_img_cell: 0.20949
avg_class_error_at_neighboring_cells: 0.20768
----------------------------
error: 1.57605 percent: 0.80
avg_class_error_at_img_cell: 0.20910
avg_class_error_at_neighboring_cells: 0.20755
----------------------------
error: 1.57563 percent: 0.80
avg_class_error_at_img_cell: 0.20890
avg_class_error_at_neighboring_cells: 0.20737
----------------------------
error: 1.57246 percent: 0.80
avg_class_error_at_img_cell: 0.20648
avg_class_error_at_neighboring_cells: 0.20902
----------------------------
error: 1.57024 percent: 0.81
avg_class_error_at_img_cell: 0.20453
avg_class_error_at_neighboring_cells: 0.20487
----------------------------
error: 1.57103 percent: 0.81
avg_class_error_at_img_cell: 0.20552
avg_class_error_at_neighboring_cells: 0.20443
----------------------------
error: 1.57521 percent: 0.81
avg_class_error_at_img_cell: 0.20696
avg_class_error_at_neighboring_cells: 0.20594
----------------------------
error: 1.57348 percent: 0.82
avg_class_error_at_img_cell: 0.20775
avg_class_error_at_neighboring_cells: 0.20592
----------------------------
error: 1.57317 percent: 0.82
avg_class_error_at_img_cell: 0.20814
avg_class_error_at_neighboring_cells: 0.20603
----------------------------
error: 1.57329 percent: 0.82
avg_class_error_at_img_cell: 0.20746
avg_class_error_at_neighboring_cells: 0.20593
----------------------------
error: 1.57184 percent: 0.83
avg_class_error_at_img_cell: 0.20656
avg_class_error_at_neighboring_cells: 0.20572
----------------------------
error: 1.57085 percent: 0.83
avg_class_error_at_img_cell: 0.20590
avg_class_error_at_neighboring_cells: 0.20546
----------------------------
error: 1.56983 percent: 0.83
avg_class_error_at_img_cell: 0.20534
avg_class_error_at_neighboring_cells: 0.20520
----------------------------
error: 1.56941 percent: 0.84
avg_class_error_at_img_cell: 0.20518
avg_class_error_at_neighboring_cells: 0.20511
----------------------------
error: 1.57018 percent: 0.84
avg_class_error_at_img_cell: 0.20554
avg_class_error_at_neighboring_cells: 0.20530
----------------------------
error: 1.56990 percent: 0.84
avg_class_error_at_img_cell: 0.20502
avg_class_error_at_neighboring_cells: 0.20498
----------------------------
error: 1.56903 percent: 0.85
avg_class_error_at_img_cell: 0.20483
avg_class_error_at_neighboring_cells: 0.20495
----------------------------
error: 1.56888 percent: 0.85
avg_class_error_at_img_cell: 0.20471
avg_class_error_at_neighboring_cells: 0.20499
----------------------------
error: 1.56894 percent: 0.85
avg_class_error_at_img_cell: 0.20478
avg_class_error_at_neighboring_cells: 0.20461
----------------------------
error: 1.56919 percent: 0.86
avg_class_error_at_img_cell: 0.20505
avg_class_error_at_neighboring_cells: 0.20455
----------------------------
error: 1.56854 percent: 0.86
avg_class_error_at_img_cell: 0.20469
avg_class_error_at_neighboring_cells: 0.20439
----------------------------
error: 1.56806 percent: 0.86
avg_class_error_at_img_cell: 0.20469
avg_class_error_at_neighboring_cells: 0.20407
----------------------------
error: 1.56849 percent: 0.87
avg_class_error_at_img_cell: 0.20482
avg_class_error_at_neighboring_cells: 0.20421
----------------------------
error: 1.56827 percent: 0.87
avg_class_error_at_img_cell: 0.20463
avg_class_error_at_neighboring_cells: 0.20420
----------------------------
error: 1.56744 percent: 0.87
avg_class_error_at_img_cell: 0.20420
avg_class_error_at_neighboring_cells: 0.20420
----------------------------
error: 1.56702 percent: 0.88
avg_class_error_at_img_cell: 0.20397
avg_class_error_at_neighboring_cells: 0.20403
----------------------------
error: 1.56737 percent: 0.88
avg_class_error_at_img_cell: 0.20413
avg_class_error_at_neighboring_cells: 0.20409
----------------------------
error: 1.56749 percent: 0.88
avg_class_error_at_img_cell: 0.20413
avg_class_error_at_neighboring_cells: 0.20421
----------------------------
error: 1.56691 percent: 0.89
avg_class_error_at_img_cell: 0.20391
avg_class_error_at_neighboring_cells: 0.20414
----------------------------
error: 1.56645 percent: 0.89
avg_class_error_at_img_cell: 0.20362
avg_class_error_at_neighboring_cells: 0.20402
----------------------------
error: 1.56624 percent: 0.89
avg_class_error_at_img_cell: 0.20356
avg_class_error_at_neighboring_cells: 0.20391
----------------------------
error: 1.56629 percent: 0.90
avg_class_error_at_img_cell: 0.20339
avg_class_error_at_neighboring_cells: 0.20403
----------------------------
error: 1.56580 percent: 0.90
avg_class_error_at_img_cell: 0.20303
avg_class_error_at_neighboring_cells: 0.20409
----------------------------
error: 1.55365 percent: 0.90
avg_class_error_at_img_cell: 0.19660
avg_class_error_at_neighboring_cells: 0.20222
----------------------------
error: 1.55759 percent: 0.91
avg_class_error_at_img_cell: 0.19780
avg_class_error_at_neighboring_cells: 0.20081
----------------------------
error: 1.55683 percent: 0.91
avg_class_error_at_img_cell: 0.19799
avg_class_error_at_neighboring_cells: 0.19923
----------------------------
error: 1.55890 percent: 0.91
avg_class_error_at_img_cell: 0.19900
avg_class_error_at_neighboring_cells: 0.20022
----------------------------
error: 1.56060 percent: 0.92
avg_class_error_at_img_cell: 0.19970
avg_class_error_at_neighboring_cells: 0.20141
----------------------------
error: 1.55716 percent: 0.92
avg_class_error_at_img_cell: 0.19754
avg_class_error_at_neighboring_cells: 0.20138
----------------------------
error: 1.55543 percent: 0.92
avg_class_error_at_img_cell: 0.19688
avg_class_error_at_neighboring_cells: 0.20176
----------------------------
error: 1.55457 percent: 0.93
avg_class_error_at_img_cell: 0.19611
avg_class_error_at_neighboring_cells: 0.20156
----------------------------
error: 1.55350 percent: 0.93
avg_class_error_at_img_cell: 0.19563
avg_class_error_at_neighboring_cells: 0.20130
----------------------------
error: 1.55373 percent: 0.93
avg_class_error_at_img_cell: 0.19570
avg_class_error_at_neighboring_cells: 0.20176
----------------------------
error: 1.55365 percent: 0.94
avg_class_error_at_img_cell: 0.19498
avg_class_error_at_neighboring_cells: 0.20162
----------------------------
error: 1.55289 percent: 0.94
avg_class_error_at_img_cell: 0.19482
avg_class_error_at_neighboring_cells: 0.20203
----------------------------
error: 1.55335 percent: 0.94
avg_class_error_at_img_cell: 0.19498
avg_class_error_at_neighboring_cells: 0.20187
----------------------------
error: 1.55306 percent: 0.95
avg_class_error_at_img_cell: 0.19515
avg_class_error_at_neighboring_cells: 0.20190
----------------------------
error: 1.55378 percent: 0.95
avg_class_error_at_img_cell: 0.19553
avg_class_error_at_neighboring_cells: 0.20231
----------------------------
error: 1.55325 percent: 0.95
avg_class_error_at_img_cell: 0.19540
avg_class_error_at_neighboring_cells: 0.20219
----------------------------
error: 1.55332 percent: 0.96
avg_class_error_at_img_cell: 0.19577
avg_class_error_at_neighboring_cells: 0.20213
----------------------------
error: 1.55276 percent: 0.96
avg_class_error_at_img_cell: 0.19571
avg_class_error_at_neighboring_cells: 0.20206
----------------------------
error: 1.55242 percent: 0.96
avg_class_error_at_img_cell: 0.19557
avg_class_error_at_neighboring_cells: 0.20192
----------------------------
error: 1.55256 percent: 0.97
avg_class_error_at_img_cell: 0.19538
avg_class_error_at_neighboring_cells: 0.20201
----------------------------
error: 1.55201 percent: 0.97
avg_class_error_at_img_cell: 0.19502
avg_class_error_at_neighboring_cells: 0.20163
----------------------------
error: 1.55211 percent: 0.97
avg_class_error_at_img_cell: 0.19505
avg_class_error_at_neighboring_cells: 0.20151
----------------------------
error: 1.55232 percent: 0.98
avg_class_error_at_img_cell: 0.19505
avg_class_error_at_neighboring_cells: 0.20157
----------------------------
error: 1.55298 percent: 0.98
avg_class_error_at_img_cell: 0.19542
avg_class_error_at_neighboring_cells: 0.20168
----------------------------
error: 1.55255 percent: 0.98
avg_class_error_at_img_cell: 0.19519
avg_class_error_at_neighboring_cells: 0.20157
----------------------------
error: 1.55252 percent: 0.99
avg_class_error_at_img_cell: 0.19511
avg_class_error_at_neighboring_cells: 0.20141
----------------------------
error: 1.55240 percent: 0.99
avg_class_error_at_img_cell: 0.19504
avg_class_error_at_neighboring_cells: 0.20126
----------------------------
error: 1.55225 percent: 0.99
avg_class_error_at_img_cell: 0.19508
avg_class_error_at_neighboring_cells: 0.20112
----------------------------
error: 1.55214 percent: 1.00
avg_class_error_at_img_cell: 0.19517
avg_class_error_at_neighboring_cells: 0.20106
----------------------------
error: 1.55215 percent: 1.00
avg_class_error_at_img_cell: 0.19524
avg_class_error_at_neighboring_cells: 0.20099
